<?xml version="1.0" encoding="UTF-8"?>
<!-- Generated by org.testng.reporters.JUnitReportReporter -->
<testsuite skipped="0" hostname="DESKTOP-7D1OLRH" name="com.training.sanity.tests.RTTC_004" tests="1" failures="0" timestamp="12 Jun 2019 14:04:46 GMT" time="33.946" errors="0">
  <testcase name="viewOrderDetails" time="33.946" classname="com.training.sanity.tests.RTTC_004"/>
</testsuite> <!-- com.training.sanity.tests.RTTC_004 -->
