<?xml version="1.0" encoding="UTF-8"?>
<!-- Generated by org.testng.reporters.JUnitReportReporter -->
<testsuite skipped="0" hostname="DESKTOP-7D1OLRH" name="com.training.sanity.tests.RTTC_006" tests="1" failures="0" timestamp="12 Jun 2019 11:49:25 GMT" time="36.972" errors="0">
  <testcase name="validLoginTest" time="36.972" classname="com.training.sanity.tests.RTTC_006"/>
</testsuite> <!-- com.training.sanity.tests.RTTC_006 -->
